log = []
log = []
log = []
log = []
log = []
Applied entries to state, raft_orders = [Raft.Entry(term=1, index=0, command=3)]
log = [Raft.Entry(term=1, index=0, command=3)]
log = [Raft.Entry(term=1, index=0, command=3)]
log = [Raft.Entry(term=1, index=0, command=3)]
log = [Raft.Entry(term=1, index=0, command=3)]
log = [Raft.Entry(term=1, index=0, command=3)]
log = [Raft.Entry(term=1, index=0, command=3)]
Applied entries to state, raft_orders = [Raft.Entry(term=1, index=1, command=1)]
log = [Raft.Entry(term=1, index=0, command=3), Raft.Entry(term=1, index=1, command=1)]
log = [Raft.Entry(term=1, index=0, command=3), Raft.Entry(term=1, index=1, command=1)]
log = [Raft.Entry(term=1, index=0, command=3), Raft.Entry(term=1, index=1, command=1)]
Applied entries to state, raft_orders = [Raft.Entry(term=1, index=2, command=1)]
log = [Raft.Entry(term=1, index=0, command=3), Raft.Entry(term=1, index=1, command=1), Raft.Entry(term=1, index=2, command=1)]
log = [Raft.Entry(term=1, index=0, command=3), Raft.Entry(term=1, index=1, command=1), Raft.Entry(term=1, index=2, command=1)]
log = [Raft.Entry(term=1, index=0, command=3), Raft.Entry(term=1, index=1, command=1), Raft.Entry(term=1, index=2, command=1)]
log = [Raft.Entry(term=1, index=0, command=3), Raft.Entry(term=1, index=1, command=1), Raft.Entry(term=1, index=2, command=1)]
log = [Raft.Entry(term=1, index=0, command=3), Raft.Entry(term=1, index=1, command=1), Raft.Entry(term=1, index=2, command=1)]
Applied entries to state, raft_orders = [Raft.Entry(term=1, index=3, command=1)]
log = [Raft.Entry(term=1, index=0, command=3), Raft.Entry(term=1, index=1, command=1), Raft.Entry(term=1, index=2, command=1), Raft.Entry(term=1, index=3, command=1)]
log = [Raft.Entry(term=1, index=0, command=3), Raft.Entry(term=1, index=1, command=1), Raft.Entry(term=1, index=2, command=1), Raft.Entry(term=1, index=3, command=1)]
log = [Raft.Entry(term=1, index=0, command=3), Raft.Entry(term=1, index=1, command=1), Raft.Entry(term=1, index=2, command=1), Raft.Entry(term=1, index=3, command=1)]
Applied entries to state, raft_orders = [Raft.Entry(term=1, index=4, command=4)]
log = [Raft.Entry(term=1, index=0, command=3), Raft.Entry(term=1, index=1, command=1), Raft.Entry(term=1, index=2, command=1), Raft.Entry(term=1, index=3, command=1), Raft.Entry(term=1, index=4, command=4)]
log = [Raft.Entry(term=1, index=0, command=3), Raft.Entry(term=1, index=1, command=1), Raft.Entry(term=1, index=2, command=1), Raft.Entry(term=1, index=3, command=1), Raft.Entry(term=1, index=4, command=4)]
log = [Raft.Entry(term=1, index=0, command=3), Raft.Entry(term=1, index=1, command=1), Raft.Entry(term=1, index=2, command=1), Raft.Entry(term=1, index=3, command=1), Raft.Entry(term=1, index=4, command=4)]
Applied entries to state, raft_orders = [Raft.Entry(term=1, index=5, command=4)]
log = [Raft.Entry(term=1, index=0, command=3), Raft.Entry(term=1, index=1, command=1), Raft.Entry(term=1, index=2, command=1), Raft.Entry(term=1, index=3, command=1), Raft.Entry(term=1, index=4, command=4), Raft.Entry(term=1, index=5, command=4)]
log = [Raft.Entry(term=1, index=0, command=3), Raft.Entry(term=1, index=1, command=1), Raft.Entry(term=1, index=2, command=1), Raft.Entry(term=1, index=3, command=1), Raft.Entry(term=1, index=4, command=4), Raft.Entry(term=1, index=5, command=4)]
log = [Raft.Entry(term=1, index=0, command=3), Raft.Entry(term=1, index=1, command=1), Raft.Entry(term=1, index=2, command=1), Raft.Entry(term=1, index=3, command=1), Raft.Entry(term=1, index=4, command=4), Raft.Entry(term=1, index=5, command=4)]
Applied entries to state, raft_orders = [Raft.Entry(term=1, index=6, command=4)]
log = [Raft.Entry(term=1, index=0, command=3), Raft.Entry(term=1, index=1, command=1), Raft.Entry(term=1, index=2, command=1), Raft.Entry(term=1, index=3, command=1), Raft.Entry(term=1, index=4, command=4), Raft.Entry(term=1, index=5, command=4), Raft.Entry(term=1, index=6, command=4)]
log = [Raft.Entry(term=1, index=0, command=3), Raft.Entry(term=1, index=1, command=1), Raft.Entry(term=1, index=2, command=1), Raft.Entry(term=1, index=3, command=1), Raft.Entry(term=1, index=4, command=4), Raft.Entry(term=1, index=5, command=4), Raft.Entry(term=1, index=6, command=4)]
log = [Raft.Entry(term=1, index=0, command=3), Raft.Entry(term=1, index=1, command=1), Raft.Entry(term=1, index=2, command=1), Raft.Entry(term=1, index=3, command=1), Raft.Entry(term=1, index=4, command=4), Raft.Entry(term=1, index=5, command=4), Raft.Entry(term=1, index=6, command=4)]
Applied entries to state, raft_orders = [Raft.Entry(term=1, index=7, command=4)]
log = [Raft.Entry(term=1, index=0, command=3), Raft.Entry(term=1, index=1, command=1), Raft.Entry(term=1, index=2, command=1), Raft.Entry(term=1, index=3, command=1), Raft.Entry(term=1, index=4, command=4), Raft.Entry(term=1, index=5, command=4), Raft.Entry(term=1, index=6, command=4), Raft.Entry(term=1, index=7, command=4)]
log = [Raft.Entry(term=1, index=0, command=3), Raft.Entry(term=1, index=1, command=1), Raft.Entry(term=1, index=2, command=1), Raft.Entry(term=1, index=3, command=1), Raft.Entry(term=1, index=4, command=4), Raft.Entry(term=1, index=5, command=4), Raft.Entry(term=1, index=6, command=4), Raft.Entry(term=1, index=7, command=4)]
Applied entries to state, raft_orders = [Raft.Entry(term=1, index=8, command=4)]
log = [Raft.Entry(term=1, index=0, command=3), Raft.Entry(term=1, index=1, command=1), Raft.Entry(term=1, index=2, command=1), Raft.Entry(term=1, index=3, command=1), Raft.Entry(term=1, index=4, command=4), Raft.Entry(term=1, index=5, command=4), Raft.Entry(term=1, index=6, command=4), Raft.Entry(term=1, index=7, command=4), Raft.Entry(term=1, index=8, command=4)]
log = [Raft.Entry(term=1, index=0, command=3), Raft.Entry(term=1, index=1, command=1), Raft.Entry(term=1, index=2, command=1), Raft.Entry(term=1, index=3, command=1), Raft.Entry(term=1, index=4, command=4), Raft.Entry(term=1, index=5, command=4), Raft.Entry(term=1, index=6, command=4), Raft.Entry(term=1, index=7, command=4), Raft.Entry(term=1, index=8, command=4)]
log = [Raft.Entry(term=1, index=0, command=3), Raft.Entry(term=1, index=1, command=1), Raft.Entry(term=1, index=2, command=1), Raft.Entry(term=1, index=3, command=1), Raft.Entry(term=1, index=4, command=4), Raft.Entry(term=1, index=5, command=4), Raft.Entry(term=1, index=6, command=4), Raft.Entry(term=1, index=7, command=4), Raft.Entry(term=1, index=8, command=4)]
log = [Raft.Entry(term=1, index=0, command=3), Raft.Entry(term=1, index=1, command=1), Raft.Entry(term=1, index=2, command=1), Raft.Entry(term=1, index=3, command=1), Raft.Entry(term=1, index=4, command=4), Raft.Entry(term=1, index=5, command=4), Raft.Entry(term=1, index=6, command=4), Raft.Entry(term=1, index=7, command=4), Raft.Entry(term=1, index=8, command=4)]
log = [Raft.Entry(term=1, index=0, command=3), Raft.Entry(term=1, index=1, command=1), Raft.Entry(term=1, index=2, command=1), Raft.Entry(term=1, index=3, command=1), Raft.Entry(term=1, index=4, command=4), Raft.Entry(term=1, index=5, command=4), Raft.Entry(term=1, index=6, command=4), Raft.Entry(term=1, index=7, command=4), Raft.Entry(term=1, index=8, command=4)]
log = [Raft.Entry(term=1, index=0, command=3), Raft.Entry(term=1, index=1, command=1), Raft.Entry(term=1, index=2, command=1), Raft.Entry(term=1, index=3, command=1), Raft.Entry(term=1, index=4, command=4), Raft.Entry(term=1, index=5, command=4), Raft.Entry(term=1, index=6, command=4), Raft.Entry(term=1, index=7, command=4), Raft.Entry(term=1, index=8, command=4)]
Applied entries to state, raft_orders = [Raft.Entry(term=1, index=9, command=2)]
log = [Raft.Entry(term=1, index=0, command=3), Raft.Entry(term=1, index=1, command=1), Raft.Entry(term=1, index=2, command=1), Raft.Entry(term=1, index=3, command=1), Raft.Entry(term=1, index=4, command=4), Raft.Entry(term=1, index=5, command=4), Raft.Entry(term=1, index=6, command=4), Raft.Entry(term=1, index=7, command=4), Raft.Entry(term=1, index=8, command=4), Raft.Entry(term=1, index=9, command=2)]
log = [Raft.Entry(term=1, index=0, command=3), Raft.Entry(term=1, index=1, command=1), Raft.Entry(term=1, index=2, command=1), Raft.Entry(term=1, index=3, command=1), Raft.Entry(term=1, index=4, command=4), Raft.Entry(term=1, index=5, command=4), Raft.Entry(term=1, index=6, command=4), Raft.Entry(term=1, index=7, command=4), Raft.Entry(term=1, index=8, command=4), Raft.Entry(term=1, index=9, command=2)]
log = [Raft.Entry(term=1, index=0, command=3), Raft.Entry(term=1, index=1, command=1), Raft.Entry(term=1, index=2, command=1), Raft.Entry(term=1, index=3, command=1), Raft.Entry(term=1, index=4, command=4), Raft.Entry(term=1, index=5, command=4), Raft.Entry(term=1, index=6, command=4), Raft.Entry(term=1, index=7, command=4), Raft.Entry(term=1, index=8, command=4), Raft.Entry(term=1, index=9, command=2)]
log = [Raft.Entry(term=1, index=0, command=3), Raft.Entry(term=1, index=1, command=1), Raft.Entry(term=1, index=2, command=1), Raft.Entry(term=1, index=3, command=1), Raft.Entry(term=1, index=4, command=4), Raft.Entry(term=1, index=5, command=4), Raft.Entry(term=1, index=6, command=4), Raft.Entry(term=1, index=7, command=4), Raft.Entry(term=1, index=8, command=4), Raft.Entry(term=1, index=9, command=2)]
Applied entries to state, raft_orders = [Raft.Entry(term=1, index=10, command=2)]
log = [Raft.Entry(term=1, index=0, command=3), Raft.Entry(term=1, index=1, command=1), Raft.Entry(term=1, index=2, command=1), Raft.Entry(term=1, index=3, command=1), Raft.Entry(term=1, index=4, command=4), Raft.Entry(term=1, index=5, command=4), Raft.Entry(term=1, index=6, command=4), Raft.Entry(term=1, index=7, command=4), Raft.Entry(term=1, index=8, command=4), Raft.Entry(term=1, index=9, command=2), Raft.Entry(term=1, index=10, command=2)]
log = [Raft.Entry(term=1, index=0, command=3), Raft.Entry(term=1, index=1, command=1), Raft.Entry(term=1, index=2, command=1), Raft.Entry(term=1, index=3, command=1), Raft.Entry(term=1, index=4, command=4), Raft.Entry(term=1, index=5, command=4), Raft.Entry(term=1, index=6, command=4), Raft.Entry(term=1, index=7, command=4), Raft.Entry(term=1, index=8, command=4), Raft.Entry(term=1, index=9, command=2), Raft.Entry(term=1, index=10, command=2)]
log = [Raft.Entry(term=1, index=0, command=3), Raft.Entry(term=1, index=1, command=1), Raft.Entry(term=1, index=2, command=1), Raft.Entry(term=1, index=3, command=1), Raft.Entry(term=1, index=4, command=4), Raft.Entry(term=1, index=5, command=4), Raft.Entry(term=1, index=6, command=4), Raft.Entry(term=1, index=7, command=4), Raft.Entry(term=1, index=8, command=4), Raft.Entry(term=1, index=9, command=2), Raft.Entry(term=1, index=10, command=2)]
Applied entries to state, raft_orders = [Raft.Entry(term=1, index=11, command=2)]
log = [Raft.Entry(term=1, index=0, command=3), Raft.Entry(term=1, index=1, command=1), Raft.Entry(term=1, index=2, command=1), Raft.Entry(term=1, index=3, command=1), Raft.Entry(term=1, index=4, command=4), Raft.Entry(term=1, index=5, command=4), Raft.Entry(term=1, index=6, command=4), Raft.Entry(term=1, index=7, command=4), Raft.Entry(term=1, index=8, command=4), Raft.Entry(term=1, index=9, command=2), Raft.Entry(term=1, index=10, command=2), Raft.Entry(term=1, index=11, command=2)]
log = [Raft.Entry(term=1, index=0, command=3), Raft.Entry(term=1, index=1, command=1), Raft.Entry(term=1, index=2, command=1), Raft.Entry(term=1, index=3, command=1), Raft.Entry(term=1, index=4, command=4), Raft.Entry(term=1, index=5, command=4), Raft.Entry(term=1, index=6, command=4), Raft.Entry(term=1, index=7, command=4), Raft.Entry(term=1, index=8, command=4), Raft.Entry(term=1, index=9, command=2), Raft.Entry(term=1, index=10, command=2), Raft.Entry(term=1, index=11, command=2)]
log = [Raft.Entry(term=1, index=0, command=3), Raft.Entry(term=1, index=1, command=1), Raft.Entry(term=1, index=2, command=1), Raft.Entry(term=1, index=3, command=1), Raft.Entry(term=1, index=4, command=4), Raft.Entry(term=1, index=5, command=4), Raft.Entry(term=1, index=6, command=4), Raft.Entry(term=1, index=7, command=4), Raft.Entry(term=1, index=8, command=4), Raft.Entry(term=1, index=9, command=2), Raft.Entry(term=1, index=10, command=2), Raft.Entry(term=1, index=11, command=2)]
Applied entries to state, raft_orders = [Raft.Entry(term=1, index=12, command=2)]
log = [Raft.Entry(term=1, index=0, command=3), Raft.Entry(term=1, index=1, command=1), Raft.Entry(term=1, index=2, command=1), Raft.Entry(term=1, index=3, command=1), Raft.Entry(term=1, index=4, command=4), Raft.Entry(term=1, index=5, command=4), Raft.Entry(term=1, index=6, command=4), Raft.Entry(term=1, index=7, command=4), Raft.Entry(term=1, index=8, command=4), Raft.Entry(term=1, index=9, command=2), Raft.Entry(term=1, index=10, command=2), Raft.Entry(term=1, index=11, command=2), Raft.Entry(term=1, index=12, command=2)]
log = [Raft.Entry(term=1, index=0, command=3), Raft.Entry(term=1, index=1, command=1), Raft.Entry(term=1, index=2, command=1), Raft.Entry(term=1, index=3, command=1), Raft.Entry(term=1, index=4, command=4), Raft.Entry(term=1, index=5, command=4), Raft.Entry(term=1, index=6, command=4), Raft.Entry(term=1, index=7, command=4), Raft.Entry(term=1, index=8, command=4), Raft.Entry(term=1, index=9, command=2), Raft.Entry(term=1, index=10, command=2), Raft.Entry(term=1, index=11, command=2), Raft.Entry(term=1, index=12, command=2)]
log = [Raft.Entry(term=1, index=0, command=3), Raft.Entry(term=1, index=1, command=1), Raft.Entry(term=1, index=2, command=1), Raft.Entry(term=1, index=3, command=1), Raft.Entry(term=1, index=4, command=4), Raft.Entry(term=1, index=5, command=4), Raft.Entry(term=1, index=6, command=4), Raft.Entry(term=1, index=7, command=4), Raft.Entry(term=1, index=8, command=4), Raft.Entry(term=1, index=9, command=2), Raft.Entry(term=1, index=10, command=2), Raft.Entry(term=1, index=11, command=2), Raft.Entry(term=1, index=12, command=2)]
log = [Raft.Entry(term=1, index=0, command=3), Raft.Entry(term=1, index=1, command=1), Raft.Entry(term=1, index=2, command=1), Raft.Entry(term=1, index=3, command=1), Raft.Entry(term=1, index=4, command=4), Raft.Entry(term=1, index=5, command=4), Raft.Entry(term=1, index=6, command=4), Raft.Entry(term=1, index=7, command=4), Raft.Entry(term=1, index=8, command=4), Raft.Entry(term=1, index=9, command=2), Raft.Entry(term=1, index=10, command=2), Raft.Entry(term=1, index=11, command=2), Raft.Entry(term=1, index=12, command=2)]
log = [Raft.Entry(term=1, index=0, command=3), Raft.Entry(term=1, index=1, command=1), Raft.Entry(term=1, index=2, command=1), Raft.Entry(term=1, index=3, command=1), Raft.Entry(term=1, index=4, command=4), Raft.Entry(term=1, index=5, command=4), Raft.Entry(term=1, index=6, command=4), Raft.Entry(term=1, index=7, command=4), Raft.Entry(term=1, index=8, command=4), Raft.Entry(term=1, index=9, command=2), Raft.Entry(term=1, index=10, command=2), Raft.Entry(term=1, index=11, command=2), Raft.Entry(term=1, index=12, command=2)]
log = [Raft.Entry(term=1, index=0, command=3), Raft.Entry(term=1, index=1, command=1), Raft.Entry(term=1, index=2, command=1), Raft.Entry(term=1, index=3, command=1), Raft.Entry(term=1, index=4, command=4), Raft.Entry(term=1, index=5, command=4), Raft.Entry(term=1, index=6, command=4), Raft.Entry(term=1, index=7, command=4), Raft.Entry(term=1, index=8, command=4), Raft.Entry(term=1, index=9, command=2), Raft.Entry(term=1, index=10, command=2), Raft.Entry(term=1, index=11, command=2), Raft.Entry(term=1, index=12, command=2)]
Applied entries to state, raft_orders = [Raft.Entry(term=1, index=13, command=3)]
log = [Raft.Entry(term=1, index=0, command=3), Raft.Entry(term=1, index=1, command=1), Raft.Entry(term=1, index=2, command=1), Raft.Entry(term=1, index=3, command=1), Raft.Entry(term=1, index=4, command=4), Raft.Entry(term=1, index=5, command=4), Raft.Entry(term=1, index=6, command=4), Raft.Entry(term=1, index=7, command=4), Raft.Entry(term=1, index=8, command=4), Raft.Entry(term=1, index=9, command=2), Raft.Entry(term=1, index=10, command=2), Raft.Entry(term=1, index=11, command=2), Raft.Entry(term=1, index=12, command=2), Raft.Entry(term=1, index=13, command=3)]
Applied entries to state, raft_orders = [Raft.Entry(term=1, index=14, command=3)]
log = [Raft.Entry(term=1, index=0, command=3), Raft.Entry(term=1, index=1, command=1), Raft.Entry(term=1, index=2, command=1), Raft.Entry(term=1, index=3, command=1), Raft.Entry(term=1, index=4, command=4), Raft.Entry(term=1, index=5, command=4), Raft.Entry(term=1, index=6, command=4), Raft.Entry(term=1, index=7, command=4), Raft.Entry(term=1, index=8, command=4), Raft.Entry(term=1, index=9, command=2), Raft.Entry(term=1, index=10, command=2), Raft.Entry(term=1, index=11, command=2), Raft.Entry(term=1, index=12, command=2), Raft.Entry(term=1, index=13, command=3), Raft.Entry(term=1, index=14, command=3)]
log = [Raft.Entry(term=1, index=0, command=3), Raft.Entry(term=1, index=1, command=1), Raft.Entry(term=1, index=2, command=1), Raft.Entry(term=1, index=3, command=1), Raft.Entry(term=1, index=4, command=4), Raft.Entry(term=1, index=5, command=4), Raft.Entry(term=1, index=6, command=4), Raft.Entry(term=1, index=7, command=4), Raft.Entry(term=1, index=8, command=4), Raft.Entry(term=1, index=9, command=2), Raft.Entry(term=1, index=10, command=2), Raft.Entry(term=1, index=11, command=2), Raft.Entry(term=1, index=12, command=2), Raft.Entry(term=1, index=13, command=3), Raft.Entry(term=1, index=14, command=3)]
log = [Raft.Entry(term=1, index=0, command=3), Raft.Entry(term=1, index=1, command=1), Raft.Entry(term=1, index=2, command=1), Raft.Entry(term=1, index=3, command=1), Raft.Entry(term=1, index=4, command=4), Raft.Entry(term=1, index=5, command=4), Raft.Entry(term=1, index=6, command=4), Raft.Entry(term=1, index=7, command=4), Raft.Entry(term=1, index=8, command=4), Raft.Entry(term=1, index=9, command=2), Raft.Entry(term=1, index=10, command=2), Raft.Entry(term=1, index=11, command=2), Raft.Entry(term=1, index=12, command=2), Raft.Entry(term=1, index=13, command=3), Raft.Entry(term=1, index=14, command=3)]
